<?xml version="1.0" encoding="UTF-8"?>
<testng-results ignored="0" total="1" passed="1" failed="0" skipped="0">
  <reporter-output>
  </reporter-output>
  <suite started-at="2026-04-30T22:26:26 EEST" name="Surefire suite" finished-at="2026-04-30T22:26:43 EEST" duration-ms="17644">
    <groups>
    </groups>
    <test started-at="2026-04-30T22:26:26 EEST" name="Surefire test" finished-at="2026-04-30T22:26:43 EEST" duration-ms="17644">
      <class name="tests.LoginTest">
        <test-method is-config="true" signature="setUp()[pri:0, instance:tests.LoginTest@4e91d63f]" started-at="2026-04-30T22:26:26 EEST" name="setUp" finished-at="2026-04-30T22:26:32 EEST" duration-ms="6822" status="PASS">
          <reporter-output>
          </reporter-output>
        </test-method> <!-- setUp -->
        <test-method signature="loginSuccessTest()[pri:0, instance:tests.LoginTest@4e91d63f]" started-at="2026-04-30T22:26:32 EEST" name="loginSuccessTest" finished-at="2026-04-30T22:26:43 EEST" duration-ms="10246" status="PASS">
          <reporter-output>
          </reporter-output>
        </test-method> <!-- loginSuccessTest -->
        <test-method is-config="true" signature="tearDown()[pri:0, instance:tests.LoginTest@4e91d63f]" started-at="2026-04-30T22:26:43 EEST" name="tearDown" finished-at="2026-04-30T22:26:43 EEST" duration-ms="527" status="PASS">
          <reporter-output>
          </reporter-output>
        </test-method> <!-- tearDown -->
      </class> <!-- tests.LoginTest -->
    </test> <!-- Surefire test -->
  </suite> <!-- Surefire suite -->
</testng-results>
