<?xml version="1.0" encoding="UTF-8"?>
<testng-results ignored="0" total="1" passed="1" failed="0" skipped="0">
  <reporter-output>
  </reporter-output>
  <suite started-at="2026-05-01T12:44:12 EEST" name="Surefire suite" finished-at="2026-05-01T12:44:28 EEST" duration-ms="16287">
    <groups>
    </groups>
    <test started-at="2026-05-01T12:44:12 EEST" name="Surefire test" finished-at="2026-05-01T12:44:28 EEST" duration-ms="16287">
      <class name="tests.LocatorDemo">
        <test-method is-config="true" signature="setUp(java.lang.reflect.Method)[pri:0, instance:tests.LocatorDemo@5276e6b0]" started-at="2026-05-01T12:44:12 EEST" name="setUp" finished-at="2026-05-01T12:44:18 EEST" duration-ms="5764" status="PASS">
          <params>
            <param index="0">
              <value>
                <![CDATA[public void tests.LocatorDemo.testAllLocators()]]>
              </value>
            </param>
          </params>
          <reporter-output>
          </reporter-output>
        </test-method> <!-- setUp -->
        <test-method signature="testAllLocators()[pri:0, instance:tests.LocatorDemo@5276e6b0]" started-at="2026-05-01T12:44:18 EEST" name="testAllLocators" finished-at="2026-05-01T12:44:28 EEST" duration-ms="9676" status="PASS">
          <reporter-output>
          </reporter-output>
        </test-method> <!-- testAllLocators -->
        <test-method is-config="true" signature="tearDown(org.testng.ITestResult)[pri:0, instance:tests.LocatorDemo@5276e6b0]" started-at="2026-05-01T12:44:28 EEST" name="tearDown" finished-at="2026-05-01T12:44:28 EEST" duration-ms="804" status="PASS">
          <params>
            <param index="0">
              <value>
                <![CDATA[[TestResult name=testAllLocators status=SUCCESS method=LocatorDemo.testAllLocators()[pri:0, instance:tests.LocatorDemo@5276e6b0] output={null}]]]>
              </value>
            </param>
          </params>
          <reporter-output>
          </reporter-output>
        </test-method> <!-- tearDown -->
      </class> <!-- tests.LocatorDemo -->
    </test> <!-- Surefire test -->
  </suite> <!-- Surefire suite -->
</testng-results>
