<?xml version="1.0" encoding="UTF-8"?>
<!-- Generated by org.testng.reporters.JUnitXMLReporter -->
<testsuite ignored="2" hostname="MSI" failures="1" tests="1" name="Surefire test" time="46.08" errors="0" timestamp="2026-05-01T12:02:09 EEST">
  <testcase classname="tests.LoginTest" name="loginSuccessTest1" time="38.768">
    <failure type="com.microsoft.playwright.TimeoutError" message="Error {
  message=&amp;apos;Timeout 30000ms exceeded.
  name=&amp;apos;TimeoutError
  stack=&amp;apos;TimeoutError: Timeout 30000ms exceeded.
    at ProgressController.run (C:\Users\liisr\AppData\Local\Temp\playwright-java-874999321681330615\package\lib\server\progress.js:78:26)
    at Frame.click (C:\Users\liisr\AppData\Local\Temp\playwright-java-874999321681330615\package\lib\server\frames.js:1007:23)
    at FrameDispatcher.click (C:\Users\liisr\AppData\Local\Temp\playwright-java-874999321681330615\package\lib\server\dispatchers\frameDispatcher.js:157:30)
    at FrameDispatcher._handleCommand (C:\Users\liisr\AppData\Local\Temp\playwright-java-874999321681330615\package\lib\server\dispatchers\dispatcher.js:94:40)
    at DispatcherConnection.dispatch (C:\Users\liisr\AppData\Local\Temp\playwright-java-874999321681330615\package\lib\server\dispatchers\dispatcher.js:361:39)
}
Call log:
- waiting for locator(&amp;quot;a:has-text(&amp;apos;Time&amp;apos;)&amp;quot;)
">
      <![CDATA[com.microsoft.playwright.TimeoutError: Error {
  message='Timeout 30000ms exceeded.
  name='TimeoutError
  stack='TimeoutError: Timeout 30000ms exceeded.
    at ProgressController.run (C:\Users\liisr\AppData\Local\Temp\playwright-java-874999321681330615\package\lib\server\progress.js:78:26)
    at Frame.click (C:\Users\liisr\AppData\Local\Temp\playwright-java-874999321681330615\package\lib\server\frames.js:1007:23)
    at FrameDispatcher.click (C:\Users\liisr\AppData\Local\Temp\playwright-java-874999321681330615\package\lib\server\dispatchers\frameDispatcher.js:157:30)
    at FrameDispatcher._handleCommand (C:\Users\liisr\AppData\Local\Temp\playwright-java-874999321681330615\package\lib\server\dispatchers\dispatcher.js:94:40)
    at DispatcherConnection.dispatch (C:\Users\liisr\AppData\Local\Temp\playwright-java-874999321681330615\package\lib\server\dispatchers\dispatcher.js:361:39)
}
Call log:
- waiting for locator("a:has-text('Time')")

at com.microsoft.playwright.impl.WaitableResult.get(WaitableResult.java:52)
at com.microsoft.playwright.impl.ChannelOwner.runUntil(ChannelOwner.java:120)
at com.microsoft.playwright.impl.Connection.sendMessage(Connection.java:130)
at com.microsoft.playwright.impl.ChannelOwner.sendMessage(ChannelOwner.java:106)
at com.microsoft.playwright.impl.FrameImpl.clickImpl(FrameImpl.java:252)
at com.microsoft.playwright.impl.PageImpl.lambda$click$18(PageImpl.java:682)
at com.microsoft.playwright.impl.LoggingSupport.lambda$withLogging$0(LoggingSupport.java:36)
at com.microsoft.playwright.impl.LoggingSupport.withLogging(LoggingSupport.java:47)
at com.microsoft.playwright.impl.ChannelOwner.withLogging(ChannelOwner.java:89)
at com.microsoft.playwright.impl.LoggingSupport.withLogging(LoggingSupport.java:35)
at com.microsoft.playwright.impl.PageImpl.click(PageImpl.java:681)
at com.microsoft.playwright.Page.click(Page.java:3902)
at pages.HomePage.clickTimeLink(HomePage.java:16)
at tests.LoginTest.loginSuccessTest1(LoginTest.java:27)
at java.base/java.util.ArrayList.forEach(ArrayList.java:1597)
Caused by: com.microsoft.playwright.TimeoutError: Error {
  message='Timeout 30000ms exceeded.
  name='TimeoutError
  stack='TimeoutError: Timeout 30000ms exceeded.
    at ProgressController.run (C:\Users\liisr\AppData\Local\Temp\playwright-java-874999321681330615\package\lib\server\progress.js:78:26)
    at Frame.click (C:\Users\liisr\AppData\Local\Temp\playwright-java-874999321681330615\package\lib\server\frames.js:1007:23)
    at FrameDispatcher.click (C:\Users\liisr\AppData\Local\Temp\playwright-java-874999321681330615\package\lib\server\dispatchers\frameDispatcher.js:157:30)
    at FrameDispatcher._handleCommand (C:\Users\liisr\AppData\Local\Temp\playwright-java-874999321681330615\package\lib\server\dispatchers\dispatcher.js:94:40)
    at DispatcherConnection.dispatch (C:\Users\liisr\AppData\Local\Temp\playwright-java-874999321681330615\package\lib\server\dispatchers\dispatcher.js:361:39)
}
Call log:
- waiting for locator("a:has-text('Time')")

at com.microsoft.playwright.impl.Connection.dispatch(Connection.java:254)
at com.microsoft.playwright.impl.Connection.processOneMessage(Connection.java:211)
at com.microsoft.playwright.impl.ChannelOwner.runUntil(ChannelOwner.java:118)
... 43 more
... Removed 30 stack frames]]>
    </failure>
  </testcase> <!-- loginSuccessTest1 -->
  <testcase classname="tests.LoginTest" name="loginSuccessTest3" time="0.0">
    <ignored/>
  </testcase> <!-- loginSuccessTest3 -->
  <testcase classname="tests.LoginTest" name="loginSuccessTest2" time="0.0">
    <ignored/>
  </testcase> <!-- loginSuccessTest2 -->
</testsuite> <!-- Surefire test -->
